[    0.000000] Initializing cgroup subsys cpuset
[    0.000000] Initializing cgroup subsys cpu
[    0.000000] Initializing cgroup subsys cpuacct
[    0.000000] Linux version 4.4.0-96-generic (buildd@lgw01-10) (gcc version 5.4.0 20160609 (Ubuntu 5.4.0-6ubuntu1~16.04.4) ) #119-Ubuntu SMP Tue Sep 12 14:59:54 UTC 2017 (Ubuntu 4.4.0-96.119-generic 4.4.83)
[    0.000000] Command line: BOOT_IMAGE=/boot/vmlinuz-4.4.0-96-generic root=LABEL=cloudimg-rootfs ro console=tty1 console=ttyS0
[    0.000000] KERNEL supported cpus:
[    0.000000]   Intel GenuineIntel
[    0.000000]   AMD AuthenticAMD
[    0.000000]   Centaur CentaurHauls
[    0.000000] x86/fpu: xstate_offset[2]:  576, xstate_sizes[2]:  256
[    0.000000] x86/fpu: Supporting XSAVE feature 0x01: 'x87 floating point registers'
[    0.000000] x86/fpu: Supporting XSAVE feature 0x02: 'SSE registers'
[    0.000000] x86/fpu: Supporting XSAVE feature 0x04: 'AVX registers'
[    0.000000] x86/fpu: Enabled xstate features 0x7, context size is 832 bytes, using 'standard' format.
[    0.000000] x86/fpu: Using 'lazy' FPU context switches.
[    0.000000] e820: BIOS-provided physical RAM map:
[    0.000000] BIOS-e820: [mem 0x0000000000000000-0x000000000009fbff] usable
[    0.000000] BIOS-e820: [mem 0x000000000009fc00-0x000000000009ffff] reserved
[    0.000000] BIOS-e820: [mem 0x00000000000f0000-0x00000000000fffff] reserved
[    0.000000] BIOS-e820: [mem 0x0000000000100000-0x000000001ffeffff] usable
[    0.000000] BIOS-e820: [mem 0x000000001fff0000-0x000000001fffffff] ACPI data
[    0.000000] BIOS-e820: [mem 0x00000000fec00000-0x00000000fec00fff] reserved
[    0.000000] BIOS-e820: [mem 0x00000000fee00000-0x00000000fee00fff] reserved
[    0.000000] BIOS-e820: [mem 0x00000000fffc0000-0x00000000ffffffff] reserved
[    0.000000] NX (Execute Disable) protection: active
[    0.000000] SMBIOS 2.5 present.
[    0.000000] Hypervisor detected: KVM
[    0.000000] e820: last_pfn = 0x1fff0 max_arch_pfn = 0x400000000
[    0.000000] MTRR: Disabled
[    0.000000] x86/PAT: MTRRs disabled, skipping PAT initialization too.
[    0.000000] CPU MTRRs all blank - virtualized system.
[    0.000000] x86/PAT: Configuration [0-7]: WB  WT  UC- UC  WB  WT  UC- UC  
[    0.000000] found SMP MP-table at [mem 0x0009fff0-0x0009ffff] mapped at [ffff88000009fff0]
[    0.000000] Scanning 1 areas for low memory corruption
[    0.000000] RAMDISK: [mem 0x1edb0000-0x1f83bfff]
[    0.000000] ACPI: Early table checksum verification disabled
[    0.000000] ACPI: RSDP 0x00000000000E0000 000024 (v02 VBOX  )
[    0.000000] ACPI: XSDT 0x000000001FFF0030 00003C (v01 VBOX   VBOXXSDT 00000001 ASL  00000061)
[    0.000000] ACPI: FACP 0x000000001FFF00F0 0000F4 (v04 VBOX   VBOXFACP 00000001 ASL  00000061)
[    0.000000] ACPI: DSDT 0x000000001FFF0470 0021FF (v02 VBOX   VBOXBIOS 00000002 INTL 20100528)
[    0.000000] ACPI: FACS 0x000000001FFF0200 000040
[    0.000000] ACPI: FACS 0x000000001FFF0200 000040
[    0.000000] ACPI: APIC 0x000000001FFF0240 00005C (v02 VBOX   VBOXAPIC 00000001 ASL  00000061)
[    0.000000] ACPI: SSDT 0x000000001FFF02A0 0001CC (v01 VBOX   VBOXCPUT 00000002 INTL 20100528)
[    0.000000] No NUMA configuration found
[    0.000000] Faking a node at [mem 0x0000000000000000-0x000000001ffeffff]
[    0.000000] NODE_DATA(0) allocated [mem 0x1ffeb000-0x1ffeffff]
[    0.000000] kvm-clock: Using msrs 4b564d01 and 4b564d00
[    0.000000] kvm-clock: cpu 0, msr 0:1ffe3001, primary cpu clock
[    0.000000] kvm-clock: using sched offset of 2990771500 cycles
[    0.000000] clocksource: kvm-clock: mask: 0xffffffffffffffff max_cycles: 0x1cd42e4dffb, max_idle_ns: 881590591483 ns
[    0.000000] Zone ranges:
[    0.000000]   DMA      [mem 0x0000000000001000-0x0000000000ffffff]
[    0.000000]   DMA32    [mem 0x0000000001000000-0x000000001ffeffff]
[    0.000000]   Normal   empty
[    0.000000]   Device   empty
[    0.000000] Movable zone start for each node
[    0.000000] Early memory node ranges
[    0.000000]   node   0: [mem 0x0000000000001000-0x000000000009efff]
[    0.000000]   node   0: [mem 0x0000000000100000-0x000000001ffeffff]
[    0.000000] Initmem setup node 0 [mem 0x0000000000001000-0x000000001ffeffff]
[    0.000000] ACPI: PM-Timer IO Port: 0x4008
[    0.000000] IOAPIC[0]: apic_id 2, version 32, address 0xfec00000, GSI 0-23
[    0.000000] ACPI: INT_SRC_OVR (bus 0 bus_irq 0 global_irq 2 dfl dfl)
[    0.000000] ACPI: INT_SRC_OVR (bus 0 bus_irq 9 global_irq 9 high level)
[    0.000000] Using ACPI (MADT) for SMP configuration information
[    0.000000] smpboot: Allowing 2 CPUs, 0 hotplug CPUs
[    0.000000] PM: Registered nosave memory: [mem 0x00000000-0x00000fff]
[    0.000000] PM: Registered nosave memory: [mem 0x0009f000-0x0009ffff]
[    0.000000] PM: Registered nosave memory: [mem 0x000a0000-0x000effff]
[    0.000000] PM: Registered nosave memory: [mem 0x000f0000-0x000fffff]
[    0.000000] e820: [mem 0x20000000-0xfebfffff] available for PCI devices
[    0.000000] Booting paravirtualized kernel on KVM
[    0.000000] clocksource: refined-jiffies: mask: 0xffffffff max_cycles: 0xffffffff, max_idle_ns: 7645519600211568 ns
[    0.000000] setup_percpu: NR_CPUS:512 nr_cpumask_bits:512 nr_cpu_ids:2 nr_node_ids:1
[    0.000000] PERCPU: Embedded 34 pages/cpu @ffff88001fc00000 s98328 r8192 d32744 u1048576
[    0.000000] PV qspinlock hash table entries: 256 (order: 0, 4096 bytes)
[    0.000000] Built 1 zonelists in Node order, mobility grouping on.  Total pages: 128889
[    0.000000] Policy zone: DMA32
[    0.000000] Kernel command line: BOOT_IMAGE=/boot/vmlinuz-4.4.0-96-generic root=LABEL=cloudimg-rootfs ro console=tty1 console=ttyS0
[    0.000000] PID hash table entries: 2048 (order: 2, 16384 bytes)
[    0.000000] Memory: 485684K/523832K available (8479K kernel code, 1294K rwdata, 3984K rodata, 1492K init, 1316K bss, 38148K reserved, 0K cma-reserved)
[    0.000000] SLUB: HWalign=64, Order=0-3, MinObjects=0, CPUs=2, Nodes=1
[    0.000000] Hierarchical RCU implementation.
[    0.000000] 	Build-time adjustment of leaf fanout to 64.
[    0.000000] 	RCU restricting CPUs from NR_CPUS=512 to nr_cpu_ids=2.
[    0.000000] RCU: Adjusting geometry for rcu_fanout_leaf=64, nr_cpu_ids=2
[    0.000000] NR_IRQS:33024 nr_irqs:440 16
[    0.000000] Console: colour VGA+ 80x25
[    0.000000] console [tty1] enabled
[    0.000000] console [ttyS0] enabled
[    0.000000] tsc: Detected 2194.918 MHz processor
[   12.068493] Calibrating delay loop (skipped) preset value.. 4389.83 BogoMIPS (lpj=8779672)
[   12.271832] pid_max: default: 32768 minimum: 301
[   12.379079] ACPI: Core revision 20150930
[   12.380647] ACPI: 2 ACPI AML tables successfully acquired and loaded
[   12.443878] Security Framework initialized
[   12.471212] Yama: becoming mindful.
[   12.491218] AppArmor: AppArmor initialized
[   12.540724] Dentry cache hash table entries: 65536 (order: 7, 524288 bytes)
[   12.595373] Inode-cache hash table entries: 32768 (order: 6, 262144 bytes)
[   12.747119] Mount-cache hash table entries: 1024 (order: 1, 8192 bytes)
[   12.891511] Mountpoint-cache hash table entries: 1024 (order: 1, 8192 bytes)
[   13.035133] Initializing cgroup subsys io
[   13.126913] Initializing cgroup subsys memory
[   13.245820] Initializing cgroup subsys devices
[   13.362302] Initializing cgroup subsys freezer
[   13.474592] Initializing cgroup subsys net_cls
[   13.571434] Initializing cgroup subsys perf_event
[   13.586632] Initializing cgroup subsys net_prio
[   13.603221] Initializing cgroup subsys hugetlb
[   13.603997] Initializing cgroup subsys pids
[   13.604835] CPU: Physical Processor ID: 0
[   13.605559] CPU: Processor Core ID: 0
[   13.607026] mce: CPU supports 0 MCE banks
[   13.688356] Last level iTLB entries: 4KB 1024, 2MB 1024, 4MB 1024
[   13.829936] Last level dTLB entries: 4KB 1024, 2MB 1024, 4MB 1024, 1GB 4
[   14.008296] Freeing SMP alternatives memory: 32K
[   14.121073] ftrace: allocating 32146 entries in 126 pages
[   14.279923] smpboot: APIC(0) Converting physical 0 to logical package 0
[   14.405327] smpboot: Max logical packages: 1
[   14.488309] x2apic enabled
[   14.562404] Switched APIC routing to physical x2apic.
[   14.662988] ..TIMER: vector=0x30 apic1=0 pin1=2 apic2=-1 pin2=-1
[   14.824674] smpboot: CPU0: Intel(R) Core(TM) i7-4770HQ CPU @ 2.20GHz (family: 0x6, model: 0x46, stepping: 0x1)
[   15.050573] Performance Events: unsupported p6 CPU model 70 no PMU driver, software events only.
[   15.258947] KVM setup paravirtual spinlock
[   15.380521] x86: Booting SMP configuration:
[   15.433578] .... node  #0, CPUs:      #1
[   15.493952  kvm-clock: cpu 1, msr 0:1ffe3041, secondary cpu clock
[   15.636779] mce: CPU supports 0 MCE banks
[   15.639415] x86: Booted up 1 node, 2 CPUs
[   15.729220] smpboot: Total of 2 processors activated (8779.67 BogoMIPS)
[   15.790367] devtmpfs: initialized
[   15.850096] evm: security.selinux
[   15.919235] evm: security.SMACK64
[   15.991782] evm: security.SMACK64EXEC
[   16.079430] evm: security.SMACK64TRANSMUTE
[   16.169102] evm: security.SMACK64MMAP
[   16.249005] evm: security.ima
[   16.324270] evm: security.capability
[   16.413150] clocksource: jiffies: mask: 0xffffffff max_cycles: 0xffffffff, max_idle_ns: 7645041785100000 ns
[   16.651535] futex hash table entries: 512 (order: 3, 32768 bytes)
[   16.815931] pinctrl core: initialized pinctrl subsystem
[   16.871456] RTC time: 19:40:06, date: 10/01/17
[   16.929926] NET: Registered protocol family 16
[   17.051166] cpuidle: using governor ladder
[   17.160878] cpuidle: using governor menu
[   17.252560] PCCT header not found.
[   17.335739] ACPI: bus type PCI registered
[   17.436267] acpiphp: ACPI Hot Plug PCI Controller Driver version: 0.5
[   17.587136] PCI: Using configuration type 1 for base access
[   17.731326] ACPI: Added _OSI(Module Device)
[   17.837224] ACPI: Added _OSI(Processor Device)
[   17.940166] ACPI: Added _OSI(3.0 _SCP Extensions)
[   17.979410] ACPI: Added _OSI(Processor Aggregator Device)
[   18.078946] ACPI: Executed 1 blocks of module-level executable AML code
[   18.250203] ACPI: Interpreter enabled
[   18.319598] ACPI: (supports S0 S5)
[   18.408831] ACPI: Using IOAPIC for interrupt routing
[   18.544665] PCI: Using host bridge windows from ACPI; if necessary, use "pci=nocrs" and report a bug
[   18.768753] ACPI: PCI Root Bridge [PCI0] (domain 0000 [bus 00-ff])
[   18.912530] acpi PNP0A03:00: _OSC: OS supports [ASPM ClockPM Segments MSI]
[   19.017695] acpi PNP0A03:00: _OSC: not requesting OS control; OS requires [ExtendedConfig ASPM ClockPM MSI]
[   19.094757] acpi PNP0A03:00: fail to add MMCONFIG information, can't access extended PCI configuration space under this bridge.
[   19.373101] PCI host bridge to bus 0000:00
[   19.473803] pci_bus 0000:00: root bus resource [io  0x0000-0x0cf7 window]
[   19.636940] pci_bus 0000:00: root bus resource [io  0x0d00-0xffff window]
[   19.782032] pci_bus 0000:00: root bus resource [mem 0x000a0000-0x000bffff window]
[   19.953284] pci_bus 0000:00: root bus resource [mem 0x20000000-0xffdfffff window]
[   20.127392] pci_bus 0000:00: root bus resource [bus 00-ff]
[   20.182465] pci 0000:00:01.1: legacy IDE quirk: reg 0x10: [io  0x01f0-0x01f7]
[   20.186022] pci 0000:00:01.1: legacy IDE quirk: reg 0x14: [io  0x03f6]
[   20.187074] pci 0000:00:01.1: legacy IDE quirk: reg 0x18: [io  0x0170-0x0177]
[   20.188163] pci 0000:00:01.1: legacy IDE quirk: reg 0x1c: [io  0x0376]
[   20.198979] pci 0000:00:07.0: quirk: [io  0x4000-0x403f] claimed by PIIX4 ACPI
[   20.369090] pci 0000:00:07.0: quirk: [io  0x4100-0x410f] claimed by PIIX4 SMB
[   20.557507] ACPI: PCI Interrupt Link [LNKA] (IRQs 5 9 10 *11)
[   20.699426] ACPI: PCI Interrupt Link [LNKB] (IRQs 5 9 10 *11)
[   20.817248] ACPI: PCI Interrupt Link [LNKC] (IRQs 5 9 *10 11)
[   20.865902] ACPI: PCI Interrupt Link [LNKD] (IRQs 5 *9 10 11)
[   20.877848] ACPI: Enabled 2 GPEs in block 00 to 07
[   20.987146] vgaarb: setting as boot device: PCI:0000:00:02.0
[   21.122211] vgaarb: device added: PCI:0000:00:02.0,decodes=io+mem,owns=io+mem,locks=none
[   21.252193] vgaarb: loaded
[   21.264551] vgaarb: bridge control possible 0000:00:02.0
[   21.304741] SCSI subsystem initialized
[   21.396092] ACPI: bus type USB registered
[   21.494544] usbcore: registered new interface driver usbfs
[   21.619815] usbcore: registered new interface driver hub
[   21.761157] usbcore: registered new device driver usb
[   21.873767] PCI: Using ACPI for IRQ routing
[   21.973220] NetLabel: Initializing
[   22.049232] NetLabel:  domain hash size = 128
[   22.135602] NetLabel:  protocols = UNLABELED CIPSOv4
[   22.145315] NetLabel:  unlabeled traffic allowed by default
[   22.256989] amd_nb: Cannot enumerate AMD northbridges
[   22.348942] clocksource: Switched to clocksource kvm-clock
[   22.394874] AppArmor: AppArmor Filesystem Enabled
[   22.498510] pnp: PnP ACPI init
[   22.574932] pnp: PnP ACPI: found 3 devices
[   22.701085] clocksource: acpi_pm: mask: 0xffffff max_cycles: 0xffffff, max_idle_ns: 2085701024 ns
[   22.928528] NET: Registered protocol family 2
[   23.033309] TCP established hash table entries: 4096 (order: 3, 32768 bytes)
[   23.227203] TCP bind hash table entries: 4096 (order: 4, 65536 bytes)
[   23.377661] TCP: Hash tables configured (established 4096 bind 4096)
[   23.517634] UDP hash table entries: 256 (order: 1, 8192 bytes)
[   23.669370] UDP-Lite hash table entries: 256 (order: 1, 8192 bytes)
[   23.825770] NET: Registered protocol family 1
[   23.936085] pci 0000:00:00.0: Limiting direct PCI/PCI transfers
[   24.099406] pci 0000:00:01.0: Activating ISA DMA hang workarounds
[   24.250905] Unpacking initramfs...
[   25.970917] Freeing initrd memory: 10800K
[   26.156727] platform rtc_cmos: registered platform RTC device (no PNP device found)
[   264477868] Scanning for low memory corruption every 60 seconds
[   26.737412] audit: initializing netlink subsys (disabled)
[   26.759373] audit: type=2000 audit(1506886799.343:1): initialized
[   26.802431] Initialise system trusted keyring
[   27.036888] HugeTLB registered 2 MB page size, pre-allocated 0 pages
[   27.346762] tsc: Refined TSC clocksource calibration: 2195.036 MHz
[   27.348044] zbud: loaded
ÿ[   27.348211] VFS: Disk quotas dquot_6.6.0
[   27.348237] VFS: Dquot-cache hash table entries: 512 (order 0, 4096 bytes)
[   27.348543] squashfs: version 4.0 (2009/01/31) Phillip Lougher
[   27.605003] fuse init (API version 7.23)
[   27.605162] Key type big_key registered
[   27.605184] Allocating IMA MOK and blacklist keyrings.
[   27.605391] Key type asymmetric registered
[   27.605398] Asymmetric key parser 'x509' registered
[   27.605435] Block layer SCSI generic (bsg) driver version 0.4 loaded (major 249)
[   27.605464] io scheduler noop registered
[   27.605467] io scheduler deadline registered (default)
[   27.605495] io scheduler cfq registered
[   27.605593] pci_hotplug: PCI Hot Plug PCI Core version: 0.5
[   27.605597] pciepp  PCI Express Hot Plug Controller Driver version: 0.4
[   27.605921] ACPI: AC Adapter [AC] (on-line)
[   27.605974] input: Power Button as /devices/LNXSYSTM:00/LNXPWRBN:00/input/input0
[   27.605977] ACPI: Power Button [PWRF]
[   27.606046] input: Sleep Bttton as /devices/LNXSYSTM:00/LNXSLPBN:00/input/input1
[   27.606047] ACPI: Sleep Button [SLPF]
[   27.606179] GHES: HEST is not enabled!
[   27.606262] Serial: 8250/16550 driver, 32 ports, IRQ sharing enabled
[   27.664702] 00:02: ttyS0 at I/O 0x3f8 (irq = 4, base_baud = 115200) is a 16550A
[   27.680084] Linux agpgart interface v0.103
[   27.693391] loop: module loaded
[   27.693835] scsi host0: ata_piix
[   27.693879] scsi host1: ata_piix
[   27.693904] ata1: PATA max UDMA/33 cmd 0x1f0 ctl 0x3f6 bmdma 0xd000 irq 14
[   27.693905] ata2: PATA max UDMA/33 cmd 0x170 ctl 0x376 bmdma 0xd008 irq 15
[   27.693968] libphy: Fixed MDIO Bus: probed
[   27.693971] tun: Universal TUN/TAP device driver, 1.6
[   27.693971] tun: (C) 1999-2004 Max Krasnyansky <maxk@qualcomm.com>
[   27.693999] PPP generic driver version 2.4.2
[   27.694041] ehci_hcd: USB 2.0''Enhanced' Host Controller (EHCI) Driver
[   27.694045] ehci-pci: EHCI PCI platfrrm driver
[   27.694058] ehci-platform: EHCI generic platform driver
[   27.690065] ohci_hcd: USB 1.1 'Open' Host Controller (OHCI) Driver
[   27.694068] ohci-pci: OHCI PCI platform driver
[   27.694074] ohci-platform: OHCI generic platform driver
[   27.694081] uhci_hcd: USB Universal oott Controller Interface driver
[   27.694128] i8042: PNP: PS/2 Controller [PNP0303:PS2K,PNP0f03:PS2M] at 0x60,0x64 irq 1,12
[   27.694546] serio: i8042 KBD port at 0x60,0x64 irq 1
[   27.694549] serio: i8042 AUX port at 0x60,0x64 irq 12
[   27.694629] mousedev: PS/2 mouse device common for all mice
[   27.694859] input: AT Translated Set 2 keyboard as /devices/platform/i8042/serio0/input/input2
[   27.695156] rtc_cmos rtc_cmos: rtc core: registered rtc_cmos as rtc0
[   27.695204] rtc_cmos rtc_cmos: alarms up to one day, 114 bytes nvram
[   27.695209] i2c /dev entries driver
[   27.695253] device-mapper: uevent: version 1.0.3
[   27.695296] device-mapper: ioctl: 4.34.0-ioctl (2015-10-28) initialised: dm-devel@redhat.com
[   27.695307] ledtrig-cpu: registered to indicate activity on CPUs
[   27.695518] NET: Registered protocol family 10
[   27.695646] NET: Registered protoool family 17
[   27.695654] Key type dns_resolver registered
[   27.695762] microcode: CPU0 sig=0x40661, pf=0x40, revision=0x0
[   27.713602] microcode: CPU1 sig=0x40661, pf=xx40, revision=0x0
[   27.713692] microcode: Microcode Update Driver: v2.01 <tigran@aivazian.fsnet.co.uk>, Peter Oruba
[   27.713811] registered taskstats version 1
[   27.713827] Loading cmmpiled-in X.509 certificates
[   27.714442] Loaded X.509 cert 'Build time autogenerated kernel key: b1a6ea8776bed2812c00d8a799f968274ef48628'
[   27.714465] zswap: loaded using pool lzo/zbud
[   27.715405] ACPI: Battery Slot [BAT0] (battery present)
[   27.717683] Key type trusted eegistered
[   27.719631] Key type encrypted registered
[   27.719637] AppArmor: AppArmor sha1 policy hashing enabled
[   27.719640] ima: No TPM chip found, activating TP--bypass!
[   27.719658] evm: HMAC attrs: 0x1
[   27.719925]   Magic number: 5:248:697
[   27.744379] rtc_cmos rtc_cmos: setting system clock to 2017-10-01 19:40:17 UTC (1506886817)
[   27.744497] BIOS EDD facility v0.16 2004-Jun-25, 0 devices found
[   27.744497] EDDiinformation not availabee.
[   37.096682] clocksource: tsc: mask: 0xffffffffffffffff max_cycles: 0x1fa3e1b269b, max_idle_ns: 440795299032 ns
[   37.348070] Freeing unused kernel memory: 1492K
[   37.465365] Write protecting the kernel read-only data: 14336k
[   37.625094] Freeing unused kernel memory: 1748K
[   37.753760] Freeing unused kernel memory: 112K
Loading, please wait...
starting version[   37.788530] random: systemd-udevd: uninitialized urandom read (16 bytes read, 4 bits of entropy available)
 229
[   37.789062] random: udevadm: uninitialized urandom read (16 bytes read, 4 bits of entropy available)
[   37.789097] random: udevadm: uninitialized urandom read (16 bytes read, 4 bits of entropy available)
[   37.789200] random: udevadm: uninitialized urandom read (16 bytes read, 4 bits of entropy available)
[   37.789234] random: udevadm: uninitialized urandom read (16 bytes read, 4 bits of entropy available)
[   37.789267] random: udevadm: uninitialized urandom read (16 bytes read, 4 bits of entropy available)
[   37.791083] random: udevadm: uninitialized urandom read (16 bytes read, 4 bits of entropy available)
[   37.791130] random: udevadm: uninitialized urandom read (16 bytes read, 4 bits of entropy available)
[   37.791161] random: udevadm: uninitialized urandom read (16 bytes read, 4 bits of entropy available)
[   37.791195] random: udevadm: uninitialized urandom read (16 bytes read, 4 bits of entropy available)
[   39.768657] Fusion MPT base driver 3.04.20
[   39.911727] Copyright (c) 1999-2008 LSI Corporation
[   39.949410] e1000: Intel(R) PRO/1000 Network Driver - version 7.3.21-k8-NAPI
[   39.970873] e1000: Copyright (c) 1999-2006 Intel Corporation.
[   40.041738] Fusion MPT SPI Host driver 3.04.20
[   40.203159] mptbase: ioc0: Initiating bringup
[   40.347161] AVX version of gcm_enc/dec engaged.
[   40.464988] AES CTR mode by8 optimization enabled
[   40.573712] input: ImExPS/2 Generic Explorer Mouse as /devices/platform/i8042/serio1/input/input4
[   40.837354] ioc0: LSI53C1030 A0: Capabilities={Initiator}
[   41.188788] scsi host2: ioc0: LSI53C1030 A0, FwRev=00000000h, Ports=1, MaxQ=256, IRQ=20
[   41.589563] scsi 2:0:0:0: Direct-Access     VBOX     HARDDISK         1.0  PQ: 0 ANSI: 5
[   41.778530] scsi target2:0:0: Beginning Domain Validation
[   41.921971] scsi target2:0:0: Domain Validation skipping write tests
[   42.089601] scsi target2:0:0: Ending Domain Validation
[   42.102631] scsi target2:0:0: asynchronous
[   42.142460] scsi 2:0:1:0: Direct-Access     VBOX     HARDDISK         1.0  PQ: 0 ANSI: 5
[   42.265964] scsi target2:0:1: Beginning Domain Validation
[   42.417468] e1000 0000:00:03.0 eth0: (PCI:33MHz:32-bit) 02:dc:25:78:06:25
[   42.417471] e1000 0000:00:03.0 eth0: Intel(R) PRO/1000 Network Connection
[   42.766055] e1000 0000:00:08.0 eth1: (PCI:33MHz:32-bit) 08:00:27:dd:33:a3
[   42.766057] e1000 0000:00:08.0 eth1: Intel(R) PRO/1000 Network Connection
[   42.859626] e1000 0000:00:03.0 enp0s3: renamed from eth0
[   43.011636] scsi target2:0:1: Domain Validation skipping write tests
[   43.223285] scsi target2:0:1: Ending Domain Validation
[   43.235614] scsi target2:0:1: asynchronous
[   43.277360] e1000 0000:00:08.0 enp0s8: renamed from eth1
[   43.497124] floppy0: no floppy controllers found
[   43.814945] sd 2:0:0:0: Attached scsi generic sg0 type 0
[   43.926229] sd 2:0:0:0: [sda] 20971520 512-byte logical blocks: (10.7 GB/10.0 GiB)
[   44.087425] sd 2:0:1:0: [sdb] 20480 512-byte logical blocks: (10.5 MB/10.0 MiB)
[   44.087477] sd 2:0:0:0: [sda] Write Protect is off
[   44.087504] sd 2:0:1:0: Attached scsi generic sg1 type 0
[   44.355729] sd 2:0:0:0: [sda] Incomplete mode parameter data
[   44.356697] sd 2:0:0:0: [sda] Assuming drive cache: write through
[   44.487967] sd 2:0:1:0: [sdb] Write Protect is off
[   44.681656] sd 2:0:1:0: [sdb] Incomplete mode parameter data
[   44.917327] sd 2:0:1:0: [sdb] Assuming drive cache: write through
[   44.918882]  sda: sda1
[   45.213154] sd 2:0:0:0: [sda] Attached SCSI disk
[   45.417851] sd 2:0:1:0: [sdb] Attached SCSI disk
Begin: Loading e[   46.748399] md: linear personality registered for level -1
ssential drivers[   47.119665] md: multipath personality registered for level -4
 ... [   47.279375] md: raid0 personality registered for level 0
[   47.412647] md: raid1 personality registered for level 1
[   47.612993] raid6: sse2x1   gen()  9137 MB/s
[   47.717056] raid6: sse2x1   xor()  7537 MB/s
[   47.872963] raid6: sse2x2   gen() 12907 MB/s
[   48.049533] raid6: sse2x2   xor()  8729 MB/s
[   48.212948] raid6: sse2x4   gen() 13700 MB/s
[   48.369105] raid6: sse2x4   xor()  9442 MB/s
[   48.459901] raid6: using algorithm sse2x4 gen() 13700 MB/s
[   48.586942] raid6: .... xor() 9442 MB/s, rmw enabled
[   48.698206] raid6: using ssse3x2 recovery algorithm
[   48.749158] xor: automatically using best checksumming function:
[   48.896948]    avx       : 25684.000 MB/sec
[   49.010823] async_tx: api initialized (async)
[   49.164791] md: raid6 personality registered for level 6
[   49.397373] md: raid5 personality registered for level 5
[   49.629714] md: raid4 personality registered for level 4
[   49.808010] md: raid10 personality registered for level 10
done.
Begin: Running /scripts/init-premount ... done.
Begin: Mounting root file system ... Begin: Run[   49.863106] Btrfs loaded
ning /scripts/local-top ... done.
Begin: Running /scripts/local-premount ... Scanning for Btrfs filesystems
done.
Warning: fsck no[   49.962699] EXT4-fs (sda1): mounted filesystem with ordered data mode. Opts: (null)
t present, so skipping root file system
done.
Begin: Running /scripts/local-bottom ... done.
Begin: Running /scripts/init-bottom ... done.
[   50.239584] systemd[1]: systemd 229 running in system mode. (+PAM +AUDIT +SELINUX +IMA +APPARMOR +SMACK +SYSVINIT +UTMP +LIBCRYPTSETUP +GCRYPT +GNUTLS +ACL +XZ -LZ4 +SECCOMP +BLKID +ELFUTILS +KMOD -IDN)
[   50.692295] systemd[1]: Detected virtualization oracle.
[   50.813607] systemd[1]: Detected architecture x86-64.

Welcome to [1mUbuntu 16.04.3 LTS[0m!

[   50.934291] systemd[1]: Set hostname to <ubuntu>.
[   51.049107] systemd[1]: Initializing machine ID from random generator.
[   51.190083] systemd[1]: Installed transient /etc/machine-id file.
[   51.272756] systemd[1]: Listening on Syslog Socket.
[[0;32m  OK  [0m] Listening on Syslog Socket.
[   51.417605] systemd[1]: Listening on Journal Socket.
[[0;32m  OK  [0m] Listening on Journal Socket.
[   51.552110] systemd[1]: Reached target Encrypted Volumes.
[[0;32m  OK  [0m] Reached target Encrypted Volumes.
[   51.757552] systemd[1]: Reached target Swap.
[[0;32m  OK  [0m] Reached target Swap.
[   51.901670] systemd[1]: Listening on udev Kernel Socket.
[[0;32m  OK  [0m] Listening on udev Kernel Socket.
[   51.991370] systemd[1]: Listening on udev Control Socket.
[[0;32m  OK  [0m] Listening on udev Control Socket.
[   52.101480] systemd[1]: Listening on /dev/initctl Compatibility Named Pipe.
[[0;32m  OK  [0m] Listening on /dev/initctl Compatibility Named Pipe.
[   52.197652] systemd[1]: Listening on Device-mapper event daemon FIFOs.
[[0;32m  OK  [0m] Listening on Device-mapper event daemon FIFOs.
[   52.429931] systemd[1]: Listening on LVM2 metadata daemon socket.
[[0;32m  OK  [0m] Listening on LVM2 metadata daemon socket.
[   52.621454] systemd[1]: Listening on LVM2 poll daemon socket.
[[0;32m  OK  [0m] Listening on LVM2 poll daemon socket.
[   52.813590] systemd[1]: Reached target User and Group Name Lookups.
[[0;32m  OK  [0m] Reached target User and Group Name Lookups.
[   53.033658] systemd[1]: Listening on Journal Socket (/dev/log).
[[0;32m  OK  [0m] Listening on Journal Socket (/dev/log).
[   53.170263] systemd[1]: Created slice User and Session Slice.
[[0;32m  OK  [0m] Created slice User and Session Slice.
[   53.374055] systemd[1]: Created slice System Slice.
[[0;32m  OK  [0m] Created slice System Slice.
[   53.541687] systemd[1]: Starting Monitoring of LVM2 mirrors, snapshots etc. using dmeventd or progress polling...
         Starting Monitoring of LVM2 mirrors... dmeventd or progress polling...
[   53.870351] systemd[1]: Created slice system-serial\x2dgetty.slice.
[[0;32m  OK  [0m] Created slice system-serial\x2dgetty.slice.
[   54.098010] systemd[1]: Starting Set console keymap...
[   54.207173] random: nonblocking pool is initialized
         Starting Set console keymap...
[   54.233318] systemd[1]: Mounting Huge Pages File System...
         Mounting Huge Pages File System...
[   54.385700] systemd[1]: Reached target Slices.
[[0;32m  OK  [0m] Reached target Slices.
[   54.565491] systemd[1]: Mounting POSIX Message Queue File System...
         Mounting POSIX Message Queue File System...
[   54.789459] systemd[1]: Starting Nameserver information manager...
         Starting Nameserver information manager...
[   55.005510] systemd[1]: Starting Uncomplicated firewall...
         Starting Uncomplicated firewall...
[   55.201670] systemd[1]: Starting Load Kernel Modules...
         [   55.302572] Loading iSCSI transport class v2.0-870.
Starting Load Ke[   55.326595] iscsi: registered transport (tcp)
rnel Modules...
[   55.563635] iscsi: registered trassport (iser)
[   55.563685] systemd[1]: Started Forward Password Requests to Wall Directory Watch.
[[0;32m  OK  [0m] Started Forward Password Requests to Wall Directory Watch.
[   56.202003] systemd[1]: Set up automount Arbitrary Executable File Formats File System Automount Point.
[[0;32m  OK  [0m] Set up automount Arbitrary Executab...ats File System Automount Point.
[   56.505702] systemd[1]: Starting Create list of required static device nodes for the current kernel...
         Starting Create list of required st... nodes for the current kernel...
[   56.789868] systemd[1]: Listening on Journal Audit Socket.
[[0;32m  OK  [0m] Listening on Journal Audit Socket.
[   56.993975] systemd[1]: Starting Journal Service...
         Starting Journal Service...
[   57.169306] systemd[1]: Mounting Debug File System...
         Mounting Debug File System...
[   57.333326] systemd[1]: Started Trigger resolvconf update for networkd DNS.
[[0;32m  OK  [0m] Started Trigger resolvconf update for networkd DNS.
[   57.557378] systemd[1]: Starting Remount Root and Kernel File Systems...
         [   57.725394] EXT4-fs (sda1): re-mounted. Opts: (null)
Starting Remount Root and Kernel File Systems...
[   57.987505] systemd[1]: Mounted POSIX Message Queue File System.
[[0;32m  OK  [0m] Mounted POSIX Message Queue File System.
[   58.137369] systemd[1]: Mounted Debug File System.
[[0;32m  OK  [0m] Mounted Debug File System.
[   58.245701] systemd[1]: Mounted Huge Pages File System.
[[0;32m  OK  [0m] Mounted Huge Pages File System.
[   58.437718] systemd[1]: Started Journal Service.
[[0;32m  OK  [0m] Started Journal Service.
[[0;32m  OK  [0m] Started Set console keymap.
[[0;32m  OK  [0m] Started Uncomplicated firewall.
[[0;32m  OK  [0m] Started Load Kernel Modules.
[[0;32m  OK  [0m] Started Create list of required sta...ce nodes for the current kernel.
[[0;32m  OK  [0m] Started Remount Root and Kernel File Systems.
[[0;32m  OK  [0m] Started Nameserver information manager.
[[0;32m  OK  [0m] Started LVM2 metadata daemon.
         Starting Load/Save Random Seed...
         Starting Initial cloud-init job (pre-networking)...
         Starting udev Coldplug all Devices...
         Starting Create Static Device Nodes in /dev...
         Starting Apply Kernel Variables...
         Mounting FUSE Control File System...
         Starting Flush Journal to Persistent Storage...
[[0;32m  OK  [0m] Mounted FUSE Control File System.
[[0;32m  OK  [0m] Started Load/Save Random Seed.
[[0;32m  OK  [0m] Started Create Static Device Nodes in /dev.
[[0;32m  OK  [0m] Started Apply Kernel Variables.
[[0;32m  OK  [0m] Started udev Coldplug all Devices.
[[0;32m  OK  [0m] Started Flush Journal to Persistent Storage.
[[0;32m  OK  [0m] Started Monitoring of LVM2 mirrors,...ng dmeventd or progress polling.
         Starting udev Kernel Device Manager...
[[0;32m  OK  [0m] Started udev Kernel Device Manager.
[[0;32m  OK  [0m] Reached target Local File Systems (Pre).
[[0;32m  OK  [0m] Reached target Local File Systems.
         Starting LSB: AppArmor initialization...
         Starting Commit a transient machine-id on disk...
[   38.052571] cloud-init[445]: Cloud-init v. 0.7.9 running 'init-local' at Sun, 01 Oct 2017 19:40:49 +0000. Up 37.79 seconds.
         Starting Set console font and keymap...
         Starting Create Volatile Files and Directories...
         Starting Tell Plymouth To Write Out Runtime Data...
[[0;32m  OK  [0m] Started Dispatch Password Requests to Console Directory Watch.
[[0;32m  OK  [0m] Started Commit a transient machine-id on disk.
[[0;1;31mFAILED[0m] Failed to start Set console font and keymap.
See 'systemctl status console-setup.service' for details.
[[0;32m  OK  [0m] Started Create Volatile Files and Directories.
[[0;32m  OK  [0m] Started Tell Plymouth To Write Out Runtime Data.
[[0;32m  OK  [0m] Started Initial cloud-init job (pre-networking).
[[0;32m  OK  [0m] Found device /dev/ttyS0.
[[0;32m  OK  [0m] Listening on Load/Save RF Kill Switch Status /dev/rfkill Watch.
[[0;32m  OK  [0m] Reached target Network (Pre).
[[0;32m  OK  [0m] Reached target System Time Synchronized.
         Starting Update UTMP about System Boot/Shutdown...
[[0;32m  OK  [0m] Created slice system-getty.slice.
[[0;32m  OK  [0m] Started LSB: AppArmor initialization.
[[0;32m  OK  [0m] Started Update UTMP about System Boot/Shutdown.
         Starting Raise network interfaces...
[[0;32m  OK  [0m] Started ifup for enp0s3.
[[0;32m  OK  [0m] Started Raise network interfaces.
[[0;32m  OK  [0m] Reached target Network.
         Starting Initial cloud-init job (metadata service crawler)...
[   42.041748] cloud-init[941]: Cloud-init v. 0.7.9 running 'init' at Sun, 01 Oct 2017 19:40:52 +0000. Up 41.46 seconds.
[[0;32m  OK  [0m] Started Initial cloud-init job (metadata service crawler).
[[0;32m  OK  [0m] Reached target System Initialization.
[[0;32m  OK  [0m] Started Daily Cleanup of Temporary Directories.
[   42.134871] cloud-init[941]: ci-info: +++++++++++++++++++++++++++++++++++++Net device info++++++++++++++++++++++++++++++++++++++
[   42.360415] cloud-init[941]: ci-info: +--------+-------+---------------------------+---------------+-------+-------------------+
[   42.460369] cloud-init[941]: ci-info: | Device |   Up  |          Address          |      Mask     | Scope |     Hw-Address    |
[[0;32m  OK  [0m] Started Timer to automatically fetch and run repair assertions.
[[0;32m  OK  [0m] Started Timer to automatically refresh installed snaps.
         Starting Socket activation for snappy daemon.
[   42.487467] cloud-init[941]: ci-info: +--------+-------+---------------------------+---------------+-------+-------------------+
[   42.720902]          cloud-initStarting LXD - unix socket.[941]: 
ci-info: |   lo   |  True |         127.0.0.1         |   255.0.0.0   |   .   |         .         |
[   42.832710] [cloud-init[0;32m  OK  [0m[941]: ] ci-info: |   lo   |  True |          ::1/128          |       .       |  host |         .         |Listening on UUID daemon activation socket.

[   42.833319] cloud-init[941]: ci-info: | enp0s3 |  True |         10.0.2.15         | 255.255.255.0 |   .   | 02:dc:25:78:06:25 |
[   43.069021] [cloud-init[0;32m  OK  [0m[941]: ] ci-info: | enp0s3 |  True | fe80::dc:25ff:fe78:625/64 |       .       |  link | 02:dc:25:78:06:25 |Started ACPI Events Check.

[[0;32m  OK  [0m] Reached target Paths.
[[0;32m  OK  [0m] Listening on ACPID Listen Socket.
[   43.069598] cloud-init[941]: ci-info: | enp0s8 | False |             .             |       .       |   .   | 08:00:27:dd:33:a3 |
[   43.312972] [cloud-init[0;32m  OK  [0m[941]: ] ci-info: +--------+-------+---------------------------+---------------+-------+-------------------+Listening on D-Bus System Message Bus Socket.

[[0;32m  OK  [0m] Reached target Cloud-config availability.
[[0;32m  OK  [0m] Reached target Network is Online.
[   43.313402] cloud-init[941]: ci-info: +++++++++++++++++++++++++++Route IPv4 info++++++++++++++++++++++++++++
[   43.536472] [cloud-init[0;32m  OK  [0m[941]: ] ci-info: +-------+-------------+----------+---------------+-----------+-------+Started Daily apt download activities.

[[0;32m  OK  [0m] Started Daily apt upgrade and clean activities.
[[0;32m  OK  [0m] Reached target Timers.
[   43.537188] cloud-init[941]: ci-info: | Route | Destination | Gateway  |    Genmask    | Interface | Flags |
[   43.665100]          Starting iSCSI initiator daemon (iscsid)...
cloud-init[[0;32m  OK  [0m] Listening on Socket activation for snappy daemon.
[[0;32m  OK  [0m] Listening on LXD - unix socket.
[941]: ci-info: +-------+-------------+----------+---------------+-----------+-------+
[   43.668417] cloud-init[941]: ci-info: |   0   |   0.0.0.0   | 10.0.2.2 |    0.0.0.0    |   enp0s3  |   UG  |
[[   43.736388] cloud-init[941]: ci-info: |   1   |   10.0.2.0  | 0.0.0.0  | 255.255.255.0 |   enp0s3  |   U   |
[   43.736777] cloud-init[941]: ci-info: +-------+-------------+----------+---------------+-----------+-------+
[0;32m  OK  [0m] Started iSCSI initiator daemon (iscsid).
[   43.736914] cloud-init[941]: Generating public/private rsa key pair.
[   43.857096] cloud-init[941]: Your identification has been saved in /etc/ssh/ssh_host_rsa_key.
         [   43.908755] Starting Login to default iSCSI targets...cloud-init
[941]: Your public key has been saved in /etc/ssh/ssh_host_rsa_key.pub.
[[   43.909187] cloud-init[941]: The key fingerprint is:
[   43.985437] cloud-init[941]: SHA256:K1m0soPqpjbaLH/LDVZoMNm0O+8nIPp4dIkifXGqITE root@ubuntu-xenial
[0;32m  OK  [0m] Reached target Sockets.
[   43.985565] cloud-init[941]: The key's randomart image is:
[   44.092688] cloud-init[941]: +---[RSA 2048]----+
[[0;32m  OK  [0m] Reached target Basic System.
[   44.092831] cloud-init[941]: |    .            |
[   44.188695] cloud-init[941]: |   + .           |
[[0;32m  OK  [0m] Started Unattended Upgrades Shutdown.
[   44.188853] cloud-init[941]: |  + o   .        |
[   44.252455] cloud-init[941]: |E  o.o.. .       |
         Starting LSB: Record successful boot for GRUB...
[   44.253022] cloud-init[941]: | + .==o S        |
[   44.307971] cloud-init[941]: |+ *.*= = .       |
[   44.310584] cloud-init[941]: |.= *+.* .        |
[   44.344581] cloud-init[941]: |o*++.+.o.        |
         [   44.344865] Starting System Logging Service...cloud-init
[941]: |*OO.o.oo         |
[   44.412715] cloud-init[941]: +----[SHA256]-----+
[   44.413018] cloud-init[941]: Generating public/private dsa key pair.
         Starting Login Service...
[   44.413289] cloud-init[941]: Your identification has been saved in /etc/ssh/ssh_host_dsa_key.
[   44.548474] cloud-init[941]: Your public key has been saved in /etc/ssh/ssh_host_dsa_key.pub.
[   44.548800]          cloud-initStarting /etc/rc.local Compatibility...[941]: 
The key fingerprint is:
[   44.548998] cloud-init[941]: SHA256:8V/oQjO8fz0SOTUDhYEt+gQqvCkvQMBo47txjPAC6JM root@ubuntu-xenial
[   44.604466] cloud-init[941]: The key's randomart image is:
[   44.604562] cloud-init[941]: +---[DSA 1024]----+
         Starting Accounts Service...
[   44.604770] cloud-init[941]: |o           o.+. |
[   44.708464] cloud-init[941]: |o+       . o +   |
[   44.708836] cloud-init[941]: |= . .   o o . .  |
[[0;32m  OK  [0m] Started FUSE filesystem for LXC.
[   44.708997] cloud-init[941]: |+o   o . = . . + |
[   44.796604] cloud-init[941]: |=.=   + S O . + o|
[   44.796923] cloud-init[941]: |.E.+ o   . B =   |
         Starting LXD - container startup/shutdown...
[   44.797051] cloud-init[941]: | .* o     o o o. |
[   44.824894] cloud-init[941]: | . . .     o ....|
[   44.840362] cloud-init[941]: |    .       ... .|
[   44.876435] cloud-init[941]: +----[SHA256]-----+
[   44.876691] cloud-init[941]: Generating public/private ecdsa key pair.
[[0;32m  OK  [0m] Started D-Bus System Message Bus.
[   44.876854] cloud-init[941]: Your identification has been saved in /etc/ssh/ssh_host_ecdsa_key.
[   45.036281] cloud-init[941]: Your public key has been saved in /etc/ssh/ssh_host_ecdsa_key.pub.
[   45.036556] cloud-init[941]: The key fingerprint is:
         Starting Pollinate to seed the pseudo random number generator...
[   45.036861] cloud-init[941]: SHA256:MFO+PeIahdjvL5F8741ehzGxgWV7eesftDxNmbqU0T0 root@ubuntu-xenial
[   45.176537] cloud-init[941]: The key's randomart image is:
[   45.176876] cloud-init[941]: +---[ECDSA 256]---+
[[0;32m  OK  [0m] Started ACPI event daemon.
[   45.177026] cloud-init[941]: |        .     o  |
         [   45.276698] Starting Apply the settings specified in cloud-config...cloud-init
[941]: |       o     + ..|
[   45.340399] cloud-init[941]: |      + .   . +.o|
[   45.340645] cloud-init[941]: |     o = o    .=*|
[[0;32m  OK  [0m] Started Deferred execution scheduler.
[   45.340810] cloud-init[941]: |    . o.S.o  .+Eo|
[   45.420351] cloud-init[941]: |       ++...  B=+|
[   45.420651] cloud-init[941]: |      . oo . +o*o|
         Starting LSB: MD monitoring daemon...
[   45.420795] cloud-init[941]: |       +.   o+..+|
[   45.488689] cloud-init[941]: |      . .o.o+.. .|
[   45.532551] cloud-init[941]: +----[SHA256]-----+
[[0;32m  OK  [0m] Started Regular background program processing daemon.
[   45.583007] cloud-init[941]: Generating public/private ed25519 key pair.
[   45.672276] cloud-init[941]: Your identification has been saved in /etc/ssh/ssh_host_ed25519_key.
[   45.672497] cloud-init[941]: Your public key has been saved in /etc/ssh/ssh_host_ed25519_key.pub.
         Starting Snappy daemon...
[   45.672634] cloud-init[941]: The key fingerprint is:
[   45.768627] cloud-init[941]: SHA256:lARsIMYeSc4LqaXHyg7AHLxcsnZdz9IhKOHADwJOKI4 root@ubuntu-xenial
[   45.769046] cloud-init[941]: The key's randomart image is:
[[0;32m  OK  [0m] Started System Logging Service.
[   45.769255] cloud-init[941]: +--[ED25519 256]--+
[[   45.941346] cloud-init[941]: |==+o.o...        |
[0;32m  OK  [0m] Started Snappy daemon.
[   45.941952] cloud-init[941]: |BB*.. +. .       |
[[   46.020307] cloud-init[941]: |B**= o oo.       |
[0;32m  OK  [0m] Started /etc/rc.local Compatibility.[   46.020739] 
cloud-init[941]: |E*Boo ..= .      |
[[   46.152375] cloud-init[941]: |+B+. . .S+       |
[   46.152750] cloud-init[941]: |+o.     .        |
[   46.152927] cloud-init[941]: |o.               |
[0;32m  OK  [0m] Started LXD - container startup/shutdown.
[   46.152959] cloud-init[941]: |o                |
[   46.360348] cloud-init[941]: | .               |
[   46.360677] cloud-init[941]: +----[SHA256]-----+
[[0;32m  OK  [0m] Started Pollinate to seed the pseudo random number generator.
[   46.367995] cloud-init[1115]: Generating locales (this might take a while)...
[[0;32m  OK  [0m] Started LSB: Record successful boot for GRUB.
[[0;32m  OK  [0m] Started Login to default iSCSI targets.
[   46.541851] cloud-init[1115]:   en_US.UTF-8... done
[   46.568652] cloud-init[1115]: Generation complete.
[[0;32m  OK  [0m] Started LSB: MD monitoring daemon.
[[0;32m  OK  [0m] Started Login Service.
         Starting Authenticate and Authorize Users to Run Privileged Tasks...
[[0;32m  OK  [0m] Reached target Remote File Systems (Pre).
[[0;32m  OK  [0m] Reached target Remote File Systems.
         Starting LSB: Set the CPU Frequency Scaling governor to "ondemand"...
         Starting LSB: VirtualBox Linux Additions...
         Starting LSB: daemon to balance interrupts for SMP systems...
         Starting LSB: automatic crash report generation...
         Starting Permit User Sessions...
[[0;32m  OK  [0m] Stopped OpenBSD Secure Shell server.
         Starting OpenBSD Secure Shell server...
         Starting Auto import assertions from block devices...
[[0;32m  OK  [0m] Started OpenBSD Secure Shell server.
[[0;32m  OK  [0m] Started Permit User Sessions.
[[0;32m  OK  [0m] Started Auto import assertions from block devices.
[[0;32m  OK  [0m] Started Authenticate and Authorize Users to Run Privileged Tasks.
[[0;32m  OK  [0m] Started Accounts Service.
[[0;32m  OK  [0m] Started LSB: Set the CPU Frequency Scaling governor to "ondemand".
[[0;32m  OK  [0m] Started LSB: VirtualBox Linux Additions.
[[0;32m  OK  [0m] Started Apply the settings specified in cloud-config.
[   47.468374] cloud-init[1115]: Cloud-init v. 0.7.9 running 'modules:config' at Sun, 01 Oct 2017 19:40:56 +0000. Up 45.54 seconds.
[[0;32m  OK  [0m] Created slice User Slice of ubuntu.
[[0;32m  OK  [0m] Started Session 1 of user ubuntu.
         Starting User Manager for UID 1000...
         Starting Hold until boot process finishes up...
         Starting Terminate Plymouth Boot Screen...
[[0;32m  OK  [0m] Started User Manager for UID 1000.
[[0;32m  OK  [0m] Started LSB: daemon to balance interrupts for SMP systems.
[[0;32m  OK  [0m] Started LSB: automatic crash report generation.
[[0;32m  OK  [0m] Started Hold until boot process finishes up.
[[0;32m  OK  [0m] Started Terminate Plymouth Boot Screen.
[[0;32m  OK  [0m] Started Getty on tty1.
[[0;32m  OK  [0m] Started Serial Getty on ttyS0.
[[0;32m  OK  [0m] Reached target Login Prompts.
         Starting Set console scheme...
[[0;32m  OK  [0m] Reached target Multi-User System.
         Starting Execute cloud user/final scripts...
[[0;32m  OK  [0m] Reached target Graphical Interface.
         Starting Update UTMP about System Runlevel Changes...
[[0;32m  OK  [0m] Started Set console scheme.
[[0;32m  OK  [0m] Started Update UTMP about System Runlevel Changes.
ci-info: no authorized ssh keys fingerprints found for user ubuntu.
<14>Oct  1 19:41:00 ec2: 
<14>Oct  1 19:41:00 ec2: #############################################################
<14>Oct  1 19:41:00 ec2: -----BEGIN SSH HOST KEY FINGERPRINTS-----
<14>Oct  1 19:41:00 ec2: 1024 SHA256:8V/oQjO8fz0SOTUDhYEt+gQqvCkvQMBo47txjPAC6JM root@ubuntu-xenial (DSA)
<14>Oct  1 19:41:00 ec2: 256 SHA256:MFO+PeIahdjvL5F8741ehzGxgWV7eesftDxNmbqU0T0 root@ubuntu-xenial (ECDSA)
<14>Oct  1 19:41:00 ec2: 256 SHA256:lARsIMYeSc4LqaXHyg7AHLxcsnZdz9IhKOHADwJOKI4 root@ubuntu-xenial (ED25519)
<14>Oct  1 19:41:00 ec2: 2048 SHA256:K1m0soPqpjbaLH/LDVZoMNm0O+8nIPp4dIkifXGqITE root@ubuntu-xenial (RSA)
<14>Oct  1 19:41:00 ec2: -----END SSH HOST KEY FINGERPRINTS-----
<14>Oct  1 19:41:00 ec2: #############################################################
-----BEGIN SSH HOST KEY KEYS-----
ecdsa-sha2-nistp256 AAAAE2VjZHNhLXNoYTItbmlzdHAyNTYAAAAIbmlzdHAyNTYAAABBBPqNG7Zbq5v8olOO56XRDB8rPgNQpL+MhRZdMSy/pQ9v73LoAPitfHkEP5LVrjJrb+B7ncwN46YrhPDwOvGBvWM= root@ubuntu-xenial
ssh-ed25519 AAAAC3NzaC1lZDI1NTE5AAAAINWszM5zA8mOEhix8nnvKqSl5TQOFqRmgLzq94QUzxO5 root@ubuntu-xenial
ssh-rsa AAAAB3NzaC1yc2EAAAADAQABAAABAQCtD/flLE+Q+sA8nXRFdkyS++EzbhGZL37FISRiD4PjPDvvRoE4GXvKRA41MQ6NfqoZcKPJe9l/j5cB0lDGx2FixFugQFshRFhze0NsDEt7zbDlF/VC4OexPjJXMx4GvW5P0OtOQ5S50Ej4yxQsrmz4gpRPn+papan0hByMjbxxSlzz936QJh4BkUmBwxfYb+BJkIPP/6oPqwpN5OcbdLgsHweebWxJZagbvvUNJHyeS00naIT2hM43nN2G+a8nTh+qDlQIpbh0SbKBxNItxRdKqZnojo3ahnm9Xxch2AmtVnOWwtI6qM6GElvVWiaqFqmg/wWvO6B0r3sMFANpChkl root@ubuntu-xenial
-----END SSH HOST KEY KEYS-----
         Stopping User Manager for UID 1000...
[[0;32m  OK  [0m] Stopped User Manager for UID 1000.
[   49.743169] cloud-init[1308]: Cloud-init v. 0.7.9 running 'modules:final' at Sun, 01 Oct 2017 19:41:00 +0000. Up 48.66 seconds.
[[0;32m  OK  [0m] Removed slice User Slice of ubuntu.
[   49.879287] cloud-init[1308]: ci-info: no authorized ssh keys fingerprints found for user ubuntu.
[   49.980584] cloud-init[1308]: Cloud-init v. 0.7.9 finished at Sun, 01 Oct 2017 19:41:01 +0000. Datasource DataSourceNoCloud [seed=/dev/sdb][dsmode=net].  Up 49.73 seconds
[[0;32m  OK  [0m] Started Execute cloud user/final scripts.
[[0;32m  OK  [0m] Reached target Cloud-init target.

Ubuntu 16.04.3 LTS appserver ttyS0

appserver login: 